<?xml version="1.0" encoding="UTF-8"?>
<!-- Generated by org.testng.reporters.JUnitXMLReporter -->
<testsuite ignored="0" hostname="LAPTOP-R04GMV33" failures="1" tests="1" name="Test" time="14.464" errors="0" timestamp="2022-08-05T13:29:38 IST">
  <testcase classname="Module1_Login_Test.KiteLoginTestPOM" name="verifyuserID" time="2.3">
    <failure type="java.lang.AssertionError" message="Failed- Both act and exp are diff: expected [143707] but found [ZAX405]">
      <![CDATA[java.lang.AssertionError: Failed- Both act and exp are diff: expected [143707] but found [ZAX405]
at Module1_Login_Test.KiteLoginTestPOM.verifyuserID(KiteLoginTestPOM.java:69)
at java.base/java.util.ArrayList.forEach(ArrayList.java:1541)
... Removed 32 stack frames]]>
    </failure>
  </testcase> <!-- verifyuserID -->
</testsuite> <!-- Test -->
