<?xml version="1.0" encoding="UTF-8"?>
<testng-results ignored="0" total="1" passed="1" failed="0" skipped="0">
  <reporter-output>
  </reporter-output>
  <suite started-at="2022-08-05T14:53:10 IST" name="Default suite" finished-at="2022-08-05T14:53:23 IST" duration-ms="12288">
    <groups>
    </groups>
    <test started-at="2022-08-05T14:53:10 IST" name="Default test" finished-at="2022-08-05T14:53:23 IST" duration-ms="12288">
      <class name="Module1_Login_Test.KiteLoginTestPOM">
        <test-method is-config="true" signature="openBrowser()[pri:0, instance:Module1_Login_Test.KiteLoginTestPOM@290222c1]" started-at="2022-08-05T14:53:10 IST" name="openBrowser" finished-at="2022-08-05T14:53:15 IST" duration-ms="4930" status="PASS">
          <reporter-output>
          </reporter-output>
        </test-method> <!-- openBrowser -->
        <test-method is-config="true" signature="logintoApp()[pri:0, instance:Module1_Login_Test.KiteLoginTestPOM@290222c1]" started-at="2022-08-05T14:53:15 IST" name="logintoApp" finished-at="2022-08-05T14:53:16 IST" duration-ms="456" status="PASS">
          <reporter-output>
          </reporter-output>
        </test-method> <!-- logintoApp -->
        <test-method signature="verifyuserID()[pri:0, instance:Module1_Login_Test.KiteLoginTestPOM@290222c1]" started-at="2022-08-05T14:53:16 IST" name="verifyuserID" finished-at="2022-08-05T14:53:18 IST" duration-ms="1722" status="PASS">
          <reporter-output>
          </reporter-output>
        </test-method> <!-- verifyuserID -->
        <test-method is-config="true" signature="LogoutfromApp(org.testng.ITestResult)[pri:0, instance:Module1_Login_Test.KiteLoginTestPOM@290222c1]" started-at="2022-08-05T14:53:18 IST" name="LogoutfromApp" finished-at="2022-08-05T14:53:18 IST" duration-ms="2" status="PASS">
          <params>
            <param index="0">
              <value>
                <![CDATA[[TestResult name=verifyuserID status=SUCCESS method=KiteLoginTestPOM.verifyuserID()[pri:0, instance:Module1_Login_Test.KiteLoginTestPOM@290222c1] output={null}]]]>
              </value>
            </param>
          </params>
          <reporter-output>
          </reporter-output>
        </test-method> <!-- LogoutfromApp -->
        <test-method is-config="true" signature="closeBrowser()[pri:0, instance:Module1_Login_Test.KiteLoginTestPOM@290222c1]" started-at="2022-08-05T14:53:18 IST" name="closeBrowser" finished-at="2022-08-05T14:53:23 IST" duration-ms="5149" status="PASS">
          <reporter-output>
          </reporter-output>
        </test-method> <!-- closeBrowser -->
      </class> <!-- Module1_Login_Test.KiteLoginTestPOM -->
    </test> <!-- Default test -->
  </suite> <!-- Default suite -->
</testng-results>
